#
# There is insufficient memory for the Java Runtime Environment to continue.
# Native memory allocation (malloc) failed to allocate 1048576 bytes. Error detail: AllocateHeap
# Possible reasons:
#   The system is out of physical RAM or swap space
#   This process is running with CompressedOops enabled, and the Java Heap may be blocking the growth of the native heap
# Possible solutions:
#   Reduce memory load on the system
#   Increase physical memory or swap space
#   Check if swap backing store is full
#   Decrease Java heap size (-Xmx/-Xms)
#   Decrease number of Java threads
#   Decrease Java thread stack sizes (-Xss)
#   Set larger code cache with -XX:ReservedCodeCacheSize=
#   JVM is running with Unscaled Compressed Oops mode in which the Java heap is
#     placed in the first 4GB address space. The Java Heap base address is the
#     maximum limit for the native heap growth. Please use -XX:HeapBaseMinAddress
#     to set the Java Heap base and to place the Java Heap above 4GB virtual address.
# This output file may be truncated or incomplete.
#
#  Out of Memory Error (allocation.cpp:44), pid=9444, tid=11564
#
# JRE version: OpenJDK Runtime Environment Temurin-21.0.9+10 (21.0.9+10) (build 21.0.9+10-LTS)
# Java VM: OpenJDK 64-Bit Server VM Temurin-21.0.9+10 (21.0.9+10-LTS, mixed mode, sharing, tiered, compressed oops, compressed class ptrs, parallel gc, windows-amd64)
# No core dump will be written. Minidumps are not enabled by default on client versions of Windows
#

---------------  S U M M A R Y ------------

Command Line: --add-modules=ALL-SYSTEM --add-opens=java.base/java.util=ALL-UNNAMED --add-opens=java.base/java.lang=ALL-UNNAMED --add-opens=java.base/sun.nio.fs=ALL-UNNAMED -Declipse.application=org.eclipse.jdt.ls.core.id1 -Dosgi.bundles.defaultStartLevel=4 -Declipse.product=org.eclipse.jdt.ls.core.product -Djava.import.generatesMetadataFilesAtProjectRoot=false -DDetectVMInstallationsJob.disabled=true -Dfile.encoding=utf8 -XX:+UseParallelGC -XX:GCTimeRatio=4 -XX:AdaptiveSizePolicyWeight=90 -Dsun.zip.disableMemoryMapping=true -Xmx2G -Xms100m -Xlog:disable -javaagent:c:\Users\manso\.vscode\extensions\redhat.java-1.50.0-win32-x64\lombok\lombok-1.18.39-4050.jar -XX:+HeapDumpOnOutOfMemoryError -XX:HeapDumpPath=c:\Users\manso\AppData\Roaming\Code\User\workspaceStorage\78ffe2b734cf6c3d3306890a304d5a83\redhat.java -Daether.dependencyCollector.impl=bf c:\Users\manso\.vscode\extensions\redhat.java-1.50.0-win32-x64\server\plugins\org.eclipse.equinox.launcher_1.7.100.v20251111-0406.jar -configuration c:\Users\manso\AppData\Roaming\Code\User\globalStorage\redhat.java\1.50.0\config_win -data c:\Users\manso\AppData\Roaming\Code\User\workspaceStorage\78ffe2b734cf6c3d3306890a304d5a83\redhat.java\jdt_ws --pipe=\\.\pipe\lsp-cff4bd8638d58f3290aa9c3193956e48-sock

Host: AMD Ryzen 3 3250U with Radeon Graphics         , 4 cores, 5G,  Windows 11 , 64 bit Build 26100 (10.0.26100.7019)
Time: Thu Nov 27 22:11:33 2025 Hora padrão de GMT elapsed time: 379.928203 seconds (0d 0h 6m 19s)

---------------  T H R E A D  ---------------

Current thread (0x00000176a8df13b0):  JavaThread "Attach Listener" daemon [_thread_in_vm, id=11564, stack(0x000000594b400000,0x000000594b500000) (1024K)]

Stack: [0x000000594b400000,0x000000594b500000]
Native frames: (J=compiled Java code, j=interpreted, Vv=VM code, C=native code)
V  [jvm.dll+0x6d6e29]
V  [jvm.dll+0x8b4b76]
V  [jvm.dll+0x8b712e]
V  [jvm.dll+0x8b7813]
V  [jvm.dll+0x283d86]
V  [jvm.dll+0xc1277]
V  [jvm.dll+0x6d76d9]
V  [jvm.dll+0x133466]
V  [jvm.dll+0x3f7ea6]
V  [jvm.dll+0x85e9ad]
V  [jvm.dll+0x6d565d]
C  [ucrtbase.dll+0x37b0]
C  [KERNEL32.DLL+0x2e8d7]
C  [ntdll.dll+0x8c53c]


---------------  P R O C E S S  ---------------

Threads class SMR info:
_java_thread_list=0x00000176f0aaf890, length=42, elements={
0x000001769080d6f0, 0x00000176a8dea830, 0x00000176a8dedfa0, 0x00000176a8df0760,
0x00000176a8df13b0, 0x00000176a8df3e10, 0x00000176a8df4860, 0x00000176a8df76a0,
0x00000176a8e6d300, 0x00000176eacf9d30, 0x00000176eae5b760, 0x00000176ef2e9ff0,
0x00000176ef2ead10, 0x00000176ef2eb3a0, 0x00000176ef2eba30, 0x00000176efd91db0,
0x00000176efd93160, 0x00000176efd93e80, 0x00000176efd91090, 0x00000176efd937f0,
0x00000176efd92440, 0x00000176efd90a00, 0x00000176efd92ad0, 0x00000176efd958c0,
0x00000176efd95f50, 0x00000176efd97990, 0x00000176efd94510, 0x00000176efd965e0,
0x00000176efd96c70, 0x00000176efd97300, 0x00000176efd98020, 0x00000176efd95230,
0x00000176efd94ba0, 0x00000176ef2e9960, 0x00000176ef2e92d0, 0x00000176ef2ec0c0,
0x00000176ef2e8c40, 0x00000176ef3432f0, 0x00000176ef3425d0, 0x00000176ef343980,
0x00000176ef341220, 0x00000176ef340500
}

Java Threads: ( => current thread )
  0x000001769080d6f0 JavaThread "main"                              [_thread_blocked, id=1944, stack(0x000000594ac00000,0x000000594ad00000) (1024K)]
  0x00000176a8dea830 JavaThread "Reference Handler"          daemon [_thread_blocked, id=9836, stack(0x000000594b100000,0x000000594b200000) (1024K)]
  0x00000176a8dedfa0 JavaThread "Finalizer"                  daemon [_thread_blocked, id=464, stack(0x000000594b200000,0x000000594b300000) (1024K)]
  0x00000176a8df0760 JavaThread "Signal Dispatcher"          daemon [_thread_blocked, id=16916, stack(0x000000594b300000,0x000000594b400000) (1024K)]
=>0x00000176a8df13b0 JavaThread "Attach Listener"            daemon [_thread_in_vm, id=11564, stack(0x000000594b400000,0x000000594b500000) (1024K)]
  0x00000176a8df3e10 JavaThread "Service Thread"             daemon [_thread_blocked, id=13772, stack(0x000000594b500000,0x000000594b600000) (1024K)]
  0x00000176a8df4860 JavaThread "Monitor Deflation Thread"   daemon [_thread_blocked, id=11208, stack(0x000000594b600000,0x000000594b700000) (1024K)]
  0x00000176a8df76a0 JavaThread "C2 CompilerThread0"         daemon [_thread_blocked, id=10392, stack(0x000000594b700000,0x000000594b800000) (1024K)]
  0x00000176a8e6d300 JavaThread "C1 CompilerThread0"         daemon [_thread_blocked, id=12484, stack(0x000000594b800000,0x000000594b900000) (1024K)]
  0x00000176eacf9d30 JavaThread "Common-Cleaner"             daemon [_thread_blocked, id=3312, stack(0x000000594b900000,0x000000594ba00000) (1024K)]
  0x00000176eae5b760 JavaThread "Notification Thread"        daemon [_thread_blocked, id=11140, stack(0x000000594ba00000,0x000000594bb00000) (1024K)]
  0x00000176ef2e9ff0 JavaThread "Active Thread: Equinox Container: c19badc9-5ca2-4dcd-9eb0-c9258d9f0b84"        [_thread_blocked, id=18808, stack(0x000000594c200000,0x000000594c300000) (1024K)]
  0x00000176ef2ead10 JavaThread "Framework Event Dispatcher: Equinox Container: c19badc9-5ca2-4dcd-9eb0-c9258d9f0b84" daemon [_thread_blocked, id=4996, stack(0x000000594be00000,0x000000594bf00000) (1024K)]
  0x00000176ef2eb3a0 JavaThread "Start Level: Equinox Container: c19badc9-5ca2-4dcd-9eb0-c9258d9f0b84" daemon [_thread_blocked, id=12508, stack(0x000000594bf00000,0x000000594c000000) (1024K)]
  0x00000176ef2eba30 JavaThread "Refresh Thread: Equinox Container: c19badc9-5ca2-4dcd-9eb0-c9258d9f0b84" daemon [_thread_blocked, id=1700, stack(0x000000594c000000,0x000000594c100000) (1024K)]
  0x00000176efd91db0 JavaThread "Bundle File Closer"         daemon [_thread_blocked, id=18752, stack(0x000000594c100000,0x000000594c200000) (1024K)]
  0x00000176efd93160 JavaThread "SCR Component Actor"        daemon [_thread_blocked, id=19260, stack(0x000000594ab00000,0x000000594ac00000) (1024K)]
  0x00000176efd93e80 JavaThread "Worker-JM"                         [_thread_blocked, id=18520, stack(0x000000594c300000,0x000000594c400000) (1024K)]
  0x00000176efd91090 JavaThread "JNA Cleaner"                daemon [_thread_blocked, id=16756, stack(0x000000594c500000,0x000000594c600000) (1024K)]
  0x00000176efd937f0 JavaThread "Worker-0"                          [_thread_blocked, id=10732, stack(0x000000594c600000,0x000000594c700000) (1024K)]
  0x00000176efd92440 JavaThread "Worker-1"                          [_thread_blocked, id=10300, stack(0x000000594c700000,0x000000594c800000) (1024K)]
  0x00000176efd90a00 JavaThread "Worker-2"                          [_thread_blocked, id=2912, stack(0x000000594c800000,0x000000594c900000) (1024K)]
  0x00000176efd92ad0 JavaThread "Worker-3: Java indexing... "        [_thread_blocked, id=19056, stack(0x000000594ca00000,0x000000594cb00000) (1024K)]
  0x00000176efd958c0 JavaThread "Java indexing"              daemon [_thread_in_native, id=15792, stack(0x000000594cb00000,0x000000594cc00000) (1024K)]
  0x00000176efd95f50 JavaThread "Worker-4"                          [_thread_blocked, id=14068, stack(0x000000594cd00000,0x000000594ce00000) (1024K)]
  0x00000176efd97990 JavaThread "Worker-5"                          [_thread_blocked, id=10088, stack(0x000000594ce00000,0x000000594cf00000) (1024K)]
  0x00000176efd94510 JavaThread "Thread-1"                   daemon [_thread_in_native, id=10660, stack(0x000000594d000000,0x000000594d100000) (1024K)]
  0x00000176efd965e0 JavaThread "Thread-2"                   daemon [_thread_in_native, id=19228, stack(0x000000594d100000,0x000000594d200000) (1024K)]
  0x00000176efd96c70 JavaThread "Thread-3"                   daemon [_thread_in_native, id=6268, stack(0x000000594d200000,0x000000594d300000) (1024K)]
  0x00000176efd97300 JavaThread "Thread-4"                   daemon [_thread_in_native, id=2436, stack(0x000000594d300000,0x000000594d400000) (1024K)]
  0x00000176efd98020 JavaThread "Thread-5"                   daemon [_thread_in_native, id=1928, stack(0x000000594d400000,0x000000594d500000) (1024K)]
  0x00000176efd95230 JavaThread "pool-2-thread-1"                   [_thread_blocked, id=16100, stack(0x000000594d500000,0x000000594d600000) (1024K)]
  0x00000176efd94ba0 JavaThread "WorkspaceEventsHandler"            [_thread_blocked, id=1688, stack(0x000000594cf00000,0x000000594d000000) (1024K)]
  0x00000176ef2e9960 JavaThread "pool-1-thread-1"                   [_thread_blocked, id=17388, stack(0x000000594d600000,0x000000594d700000) (1024K)]
  0x00000176ef2e92d0 JavaThread "ForkJoinPool.commonPool-worker-1" daemon [_thread_blocked, id=19212, stack(0x000000594d800000,0x000000594d900000) (1024K)]
  0x00000176ef2ec0c0 JavaThread "ForkJoinPool.commonPool-worker-2" daemon [_thread_blocked, id=18552, stack(0x000000594d900000,0x000000594da00000) (1024K)]
  0x00000176ef2e8c40 JavaThread "ForkJoinPool.commonPool-worker-3" daemon [_thread_blocked, id=17988, stack(0x000000594da00000,0x000000594db00000) (1024K)]
  0x00000176ef3432f0 JavaThread "Compiler Source File Reader" daemon [_thread_blocked, id=12732, stack(0x000000594db00000,0x000000594dc00000) (1024K)]
  0x00000176ef3425d0 JavaThread "Compiler Processing Task"   daemon [_thread_blocked, id=1552, stack(0x000000594dc00000,0x000000594dd00000) (1024K)]
  0x00000176ef343980 JavaThread "Compiler Source File Reader" daemon [_thread_blocked, id=11180, stack(0x000000594d700000,0x000000594d800000) (1024K)]
  0x00000176ef341220 JavaThread "Worker-6"                          [_thread_blocked, id=13164, stack(0x000000594de00000,0x000000594df00000) (1024K)]
  0x00000176ef340500 JavaThread "Cleaner-0"                  daemon [_thread_blocked, id=1848, stack(0x000000594df00000,0x000000594e000000) (1024K)]
Total: 42

Other Threads:
  0x00000176908cc100 VMThread "VM Thread"                           [id=17364, stack(0x000000594b000000,0x000000594b100000) (1024K)] _threads_hazard_ptr=0x00000176f0aaf890
  0x00000176a8d8ba00 WatcherThread "VM Periodic Task Thread"        [id=2860, stack(0x000000594af00000,0x000000594b000000) (1024K)]
  0x000001769082b9c0 WorkerThread "GC Thread#0"                     [id=4500, stack(0x000000594ae00000,0x000000594af00000) (1024K)]
  0x00000176eae62b70 WorkerThread "GC Thread#1"                     [id=4100, stack(0x000000594bb00000,0x000000594bc00000) (1024K)]
  0x00000176eae63a80 WorkerThread "GC Thread#2"                     [id=18592, stack(0x000000594bc00000,0x000000594bd00000) (1024K)]
  0x00000176ef1097b0 WorkerThread "GC Thread#3"                     [id=6988, stack(0x000000594bd00000,0x000000594be00000) (1024K)]
Total: 6

Threads with active compile tasks:
Total: 0

VM state: synchronizing (normal execution)

VM Mutex/Monitor currently owned by a thread:  ([mutex/lock_event])
[0x00007ffe4a55d570] Threads_lock - owner thread: 0x00000176908cc100
[0x00007ffe4a55d670] Heap_lock - owner thread: 0x00000176ef2e92d0

Heap address: 0x0000000080000000, size: 2048 MB, Compressed Oops mode: 32-bit

CDS archive(s) mapped at: [0x00000176a9000000-0x00000176a9ba0000-0x00000176a9ba0000), size 12189696, SharedBaseAddress: 0x00000176a9000000, ArchiveRelocationMode: 1.
Compressed class space mapped at: 0x00000176aa000000-0x00000176ea000000, reserved size: 1073741824
Narrow klass base: 0x00000176a9000000, Narrow klass shift: 0, Narrow klass range: 0x100000000

GC Precious Log:
 CardTable entry size: 512
 CPUs: 4 total, 4 available
 Memory: 6063M
 Large Page Support: Disabled
 NUMA Support: Disabled
 Compressed Oops: Enabled (32-bit)
 Alignments: Space 512K, Generation 512K, Heap 2M
 Heap Min Capacity: 100M
 Heap Initial Capacity: 100M
 Heap Max Capacity: 2G
 Pre-touch: Disabled
 Parallel Workers: 4

Heap:
 PSYoungGen      total 6144K, used 4599K [0x00000000d5580000, 0x00000000d5c80000, 0x0000000100000000)
  eden space 5632K, 79% used [0x00000000d5580000,0x00000000d59e5e10,0x00000000d5b00000)
  from space 512K, 18% used [0x00000000d5b80000,0x00000000d5b98000,0x00000000d5c00000)
  to   space 512K, 0% used [0x00000000d5b00000,0x00000000d5b00000,0x00000000d5b80000)
 ParOldGen       total 998400K, used 997958K [0x0000000080000000, 0x00000000bcf00000, 0x00000000d5580000)
  object space 998400K, 99% used [0x0000000080000000,0x00000000bce91a70,0x00000000bcf00000)
 Metaspace       used 72769K, committed 74304K, reserved 1179648K
  class space    used 7382K, committed 8128K, reserved 1048576K

Card table byte_map: [0x00000176a41f0000,0x00000176a4600000] _byte_map_base: 0x00000176a3df0000

Marking Bits: (ParMarkBitMap*) 0x00007ffe4a562460
 Begin Bits: [0x00000176a48b0000, 0x00000176a68b0000)
 End Bits:   [0x00000176a68b0000, 0x00000176a88b0000)

Polling page: 0x00000176905b0000

Metaspace:

Usage:
  Non-class:     63.85 MB used.
      Class:      7.21 MB used.
       Both:     71.06 MB used.

Virtual space:
  Non-class space:      128.00 MB reserved,      64.62 MB ( 50%) committed,  2 nodes.
      Class space:        1.00 GB reserved,       7.94 MB ( <1%) committed,  1 nodes.
             Both:        1.12 GB reserved,      72.56 MB (  6%) committed. 

Chunk freelists:
   Non-Class:  14.89 MB
       Class:  8.06 MB
        Both:  22.95 MB

MaxMetaspaceSize: unlimited
CompressedClassSpaceSize: 1.00 GB
Initial GC threshold: 21.00 MB
Current GC threshold: 97.31 MB
CDS: on
 - commit_granule_bytes: 65536.
 - commit_granule_words: 8192.
 - virtual_space_node_default_size: 8388608.
 - enlarge_chunks_in_place: 1.
 - use_allocation_guard: 0.


Internal statistics:

num_allocs_failed_limit: 9.
num_arena_births: 1346.
num_arena_deaths: 40.
num_vsnodes_births: 3.
num_vsnodes_deaths: 0.
num_space_committed: 1161.
num_space_uncommitted: 0.
num_chunks_returned_to_freelist: 57.
num_chunks_taken_from_freelist: 4962.
num_chunk_merges: 13.
num_chunk_splits: 2979.
num_chunks_enlarged: 1622.
num_inconsistent_stats: 0.

CodeHeap 'non-profiled nmethods': size=120000Kb used=11775Kb max_used=11775Kb free=108224Kb
 bounds [0x000001769cae0000, 0x000001769d660000, 0x00000176a4010000]
CodeHeap 'profiled nmethods': size=120000Kb used=36231Kb max_used=36231Kb free=83769Kb
 bounds [0x0000017695010000, 0x0000017697380000, 0x000001769c540000]
CodeHeap 'non-nmethods': size=5760Kb used=1464Kb max_used=1538Kb free=4295Kb
 bounds [0x000001769c540000, 0x000001769c7b0000, 0x000001769cae0000]
CodeCache: size=245760Kb, used=49470Kb, max_used=49544Kb, free=196288Kb
 total_blobs=14689, nmethods=13905, adapters=685, full_count=0
Compilation: enabled, stopped_count=0, restarted_count=0

Compilation events (20 events):
Event: 379.102 Thread 0x00000176a8e6d300 14818       1       org.eclipse.jdt.core.compiler.CompilationParticipant::isActive (2 bytes)
Event: 379.102 Thread 0x00000176a8e6d300 nmethod 14818 0x000001769d65e490 code [0x000001769d65e620, 0x000001769d65e6e8]
Event: 379.117 Thread 0x00000176a8df76a0 14819       4       com.google.gson.internal.GsonTypes::equals (286 bytes)
Event: 379.133 Thread 0x00000176a8df76a0 nmethod 14819 0x000001769d65e790 code [0x000001769d65e9e0, 0x000001769d65f110]
Event: 379.535 Thread 0x00000176a8df76a0 14820       4       com.google.gson.stream.JsonWriter::setFormattingStyle (97 bytes)
Event: 379.539 Thread 0x00000176a8df76a0 nmethod 14820 0x000001769d65f590 code [0x000001769d65f740, 0x000001769d65f8f8]
Event: 379.541 Thread 0x00000176a8e6d300 14821       3       com.google.gson.Gson::<init> (52 bytes)
Event: 379.542 Thread 0x00000176a8e6d300 nmethod 14821 0x0000017697360a90 code [0x0000017697360c80, 0x0000017697361088]
Event: 379.542 Thread 0x00000176a8e6d300 14822       3       org.eclipse.jdt.ls.core.internal.JSONUtility::toModel (13 bytes)
Event: 379.542 Thread 0x00000176a8e6d300 nmethod 14822 0x0000017697361290 code [0x0000017697361440, 0x0000017697361618]
Event: 379.542 Thread 0x00000176a8e6d300 14824       3       org.eclipse.jdt.core.CompletionRequestor::setIgnored (59 bytes)
Event: 379.543 Thread 0x00000176a8e6d300 nmethod 14824 0x0000017697361710 code [0x00000176973618e0, 0x0000017697361c18]
Event: 379.543 Thread 0x00000176a8e6d300 14823       3       org.eclipse.jdt.ls.core.internal.JSONUtility::toModel (76 bytes)
Event: 379.544 Thread 0x00000176a8df76a0 14825       4       org.eclipse.jdt.internal.codeassist.impl.AssistParser::isInsideModuleInfo (70 bytes)
Event: 379.545 Thread 0x00000176a8e6d300 nmethod 14823 0x0000017697361d10 code [0x0000017697362000, 0x0000017697362fc0]
Event: 379.545 Thread 0x00000176a8e6d300 14826   !   3       org.eclipse.jdt.internal.codeassist.complete.CompletionScanner::getNextToken0 (3776 bytes)
Event: 379.549 Thread 0x00000176a8df76a0 nmethod 14825 0x000001769d65fb10 code [0x000001769d65fca0, 0x000001769d65fdc0]
Event: 379.575 Thread 0x00000176a8e6d300 nmethod 14826 0x0000017697363490 code [0x0000017697364400, 0x000001769736d478]
Event: 379.788 Thread 0x00000176a8e6d300 14827       3       org.eclipse.jdt.internal.compiler.classfmt.ClassFileStruct::i4At (69 bytes)
Event: 379.788 Thread 0x00000176a8e6d300 nmethod 14827 0x0000017697371790 code [0x0000017697371940, 0x0000017697371b10]

GC Heap History (20 events):
Event: 379.083 GC heap before
{Heap before GC invocations=902 (full 3):
 PSYoungGen      total 3072K, used 2727K [0x00000000d5580000, 0x00000000d5c00000, 0x0000000100000000)
  eden space 2560K, 100% used [0x00000000d5580000,0x00000000d5800000,0x00000000d5800000)
  from space 512K, 32% used [0x00000000d5b80000,0x00000000d5ba9d90,0x00000000d5c00000)
  to   space 512K, 0% used [0x00000000d5b00000,0x00000000d5b00000,0x00000000d5b80000)
 ParOldGen       total 995840K, used 995580K [0x0000000080000000, 0x00000000bcc80000, 0x00000000d5580000)
  object space 995840K, 99% used [0x0000000080000000,0x00000000bcc3f3a8,0x00000000bcc80000)
 Metaspace       used 72760K, committed 74304K, reserved 1179648K
  class space    used 7382K, committed 8128K, reserved 1048576K
}
Event: 379.089 GC heap after
{Heap after GC invocations=902 (full 3):
 PSYoungGen      total 3072K, used 176K [0x00000000d5580000, 0x00000000d5c00000, 0x0000000100000000)
  eden space 2560K, 0% used [0x00000000d5580000,0x00000000d5580000,0x00000000d5800000)
  from space 512K, 34% used [0x00000000d5b00000,0x00000000d5b2c010,0x00000000d5b80000)
  to   space 512K, 0% used [0x00000000d5b80000,0x00000000d5b80000,0x00000000d5c00000)
 ParOldGen       total 995840K, used 995612K [0x0000000080000000, 0x00000000bcc80000, 0x00000000d5580000)
  object space 995840K, 99% used [0x0000000080000000,0x00000000bcc473a8,0x00000000bcc80000)
 Metaspace       used 72760K, committed 74304K, reserved 1179648K
  class space    used 7382K, committed 8128K, reserved 1048576K
}
Event: 379.675 GC heap before
{Heap before GC invocations=903 (full 3):
 PSYoungGen      total 3072K, used 1702K [0x00000000d5580000, 0x00000000d5c00000, 0x0000000100000000)
  eden space 2560K, 59% used [0x00000000d5580000,0x00000000d56fdb58,0x00000000d5800000)
  from space 512K, 34% used [0x00000000d5b00000,0x00000000d5b2c010,0x00000000d5b80000)
  to   space 512K, 0% used [0x00000000d5b80000,0x00000000d5b80000,0x00000000d5c00000)
 ParOldGen       total 997888K, used 997501K [0x0000000080000000, 0x00000000bce80000, 0x00000000d5580000)
  object space 997888K, 99% used [0x0000000080000000,0x00000000bce1f740,0x00000000bce80000)
 Metaspace       used 72769K, committed 74304K, reserved 1179648K
  class space    used 7382K, committed 8128K, reserved 1048576K
}
Event: 379.680 GC heap after
{Heap after GC invocations=903 (full 3):
 PSYoungGen      total 3072K, used 192K [0x00000000d5580000, 0x00000000d5c00000, 0x0000000100000000)
  eden space 2560K, 0% used [0x00000000d5580000,0x00000000d5580000,0x00000000d5800000)
  from space 512K, 37% used [0x00000000d5b80000,0x00000000d5bb0000,0x00000000d5c00000)
  to   space 512K, 0% used [0x00000000d5b00000,0x00000000d5b00000,0x00000000d5b80000)
 ParOldGen       total 997888K, used 997549K [0x0000000080000000, 0x00000000bce80000, 0x00000000d5580000)
  object space 997888K, 99% used [0x0000000080000000,0x00000000bce2b740,0x00000000bce80000)
 Metaspace       used 72769K, committed 74304K, reserved 1179648K
  class space    used 7382K, committed 8128K, reserved 1048576K
}
Event: 379.694 GC heap before
{Heap before GC invocations=904 (full 3):
 PSYoungGen      total 3072K, used 2410K [0x00000000d5580000, 0x00000000d5c00000, 0x0000000100000000)
  eden space 2560K, 86% used [0x00000000d5580000,0x00000000d57aa8b8,0x00000000d5800000)
  from space 512K, 37% used [0x00000000d5b80000,0x00000000d5bb0000,0x00000000d5c00000)
  to   space 512K, 0% used [0x00000000d5b00000,0x00000000d5b00000,0x00000000d5b80000)
 ParOldGen       total 997888K, used 997549K [0x0000000080000000, 0x00000000bce80000, 0x00000000d5580000)
  object space 997888K, 99% used [0x0000000080000000,0x00000000bce2b740,0x00000000bce80000)
 Metaspace       used 72769K, committed 74304K, reserved 1179648K
  class space    used 7382K, committed 8128K, reserved 1048576K
}
Event: 379.699 GC heap after
{Heap after GC invocations=904 (full 3):
 PSYoungGen      total 3072K, used 128K [0x00000000d5580000, 0x00000000d5c00000, 0x0000000100000000)
  eden space 2560K, 0% used [0x00000000d5580000,0x00000000d5580000,0x00000000d5800000)
  from space 512K, 25% used [0x00000000d5b00000,0x00000000d5b20000,0x00000000d5b80000)
  to   space 512K, 0% used [0x00000000d5b80000,0x00000000d5b80000,0x00000000d5c00000)
 ParOldGen       total 997888K, used 997670K [0x0000000080000000, 0x00000000bce80000, 0x00000000d5580000)
  object space 997888K, 99% used [0x0000000080000000,0x00000000bce49a60,0x00000000bce80000)
 Metaspace       used 72769K, committed 74304K, reserved 1179648K
  class space    used 7382K, committed 8128K, reserved 1048576K
}
Event: 379.721 GC heap before
{Heap before GC invocations=905 (full 3):
 PSYoungGen      total 3072K, used 2426K [0x00000000d5580000, 0x00000000d5c00000, 0x0000000100000000)
  eden space 2560K, 89% used [0x00000000d5580000,0x00000000d57beac8,0x00000000d5800000)
  from space 512K, 25% used [0x00000000d5b00000,0x00000000d5b20000,0x00000000d5b80000)
  to   space 512K, 0% used [0x00000000d5b80000,0x00000000d5b80000,0x00000000d5c00000)
 ParOldGen       total 997888K, used 997670K [0x0000000080000000, 0x00000000bce80000, 0x00000000d5580000)
  object space 997888K, 99% used [0x0000000080000000,0x00000000bce49a60,0x00000000bce80000)
 Metaspace       used 72769K, committed 74304K, reserved 1179648K
  class space    used 7382K, committed 8128K, reserved 1048576K
}
Event: 379.726 GC heap after
{Heap after GC invocations=905 (full 3):
 PSYoungGen      total 3072K, used 192K [0x00000000d5580000, 0x00000000d5c00000, 0x0000000100000000)
  eden space 2560K, 0% used [0x00000000d5580000,0x00000000d5580000,0x00000000d5800000)
  from space 512K, 37% used [0x00000000d5b80000,0x00000000d5bb0010,0x00000000d5c00000)
  to   space 512K, 0% used [0x00000000d5b00000,0x00000000d5b00000,0x00000000d5b80000)
 ParOldGen       total 997888K, used 997694K [0x0000000080000000, 0x00000000bce80000, 0x00000000d5580000)
  object space 997888K, 99% used [0x0000000080000000,0x00000000bce4fa60,0x00000000bce80000)
 Metaspace       used 72769K, committed 74304K, reserved 1179648K
  class space    used 7382K, committed 8128K, reserved 1048576K
}
Event: 379.740 GC heap before
{Heap before GC invocations=906 (full 3):
 PSYoungGen      total 3072K, used 2414K [0x00000000d5580000, 0x00000000d5c00000, 0x0000000100000000)
  eden space 2560K, 86% used [0x00000000d5580000,0x00000000d57ab880,0x00000000d5800000)
  from space 512K, 37% used [0x00000000d5b80000,0x00000000d5bb0010,0x00000000d5c00000)
  to   space 512K, 0% used [0x00000000d5b00000,0x00000000d5b00000,0x00000000d5b80000)
 ParOldGen       total 997888K, used 997694K [0x0000000080000000, 0x00000000bce80000, 0x00000000d5580000)
  object space 997888K, 99% used [0x0000000080000000,0x00000000bce4fa60,0x00000000bce80000)
 Metaspace       used 72769K, committed 74304K, reserved 1179648K
  class space    used 7382K, committed 8128K, reserved 1048576K
}
Event: 379.747 GC heap after
{Heap after GC invocations=906 (full 3):
 PSYoungGen      total 3072K, used 64K [0x00000000d5580000, 0x00000000d5c00000, 0x0000000100000000)
  eden space 2560K, 0% used [0x00000000d5580000,0x00000000d5580000,0x00000000d5800000)
  from space 512K, 12% used [0x00000000d5b00000,0x00000000d5b10000,0x00000000d5b80000)
  to   space 512K, 0% used [0x00000000d5b80000,0x00000000d5b80000,0x00000000d5c00000)
 ParOldGen       total 997888K, used 997790K [0x0000000080000000, 0x00000000bce80000, 0x00000000d5580000)
  object space 997888K, 99% used [0x0000000080000000,0x00000000bce67a70,0x00000000bce80000)
 Metaspace       used 72769K, committed 74304K, reserved 1179648K
  class space    used 7382K, committed 8128K, reserved 1048576K
}
Event: 379.761 GC heap before
{Heap before GC invocations=907 (full 3):
 PSYoungGen      total 3072K, used 2319K [0x00000000d5580000, 0x00000000d5c00000, 0x0000000100000000)
  eden space 2560K, 88% used [0x00000000d5580000,0x00000000d57b3e58,0x00000000d5800000)
  from space 512K, 12% used [0x00000000d5b00000,0x00000000d5b10000,0x00000000d5b80000)
  to   space 512K, 0% used [0x00000000d5b80000,0x00000000d5b80000,0x00000000d5c00000)
 ParOldGen       total 997888K, used 997790K [0x0000000080000000, 0x00000000bce80000, 0x00000000d5580000)
  object space 997888K, 99% used [0x0000000080000000,0x00000000bce67a70,0x00000000bce80000)
 Metaspace       used 72769K, committed 74304K, reserved 1179648K
  class space    used 7382K, committed 8128K, reserved 1048576K
}
Event: 379.765 GC heap after
{Heap after GC invocations=907 (full 3):
 PSYoungGen      total 3072K, used 96K [0x00000000d5580000, 0x00000000d5c00000, 0x0000000100000000)
  eden space 2560K, 0% used [0x00000000d5580000,0x00000000d5580000,0x00000000d5800000)
  from space 512K, 18% used [0x00000000d5b80000,0x00000000d5b98000,0x00000000d5c00000)
  to   space 512K, 0% used [0x00000000d5b00000,0x00000000d5b00000,0x00000000d5b80000)
 ParOldGen       total 997888K, used 997814K [0x0000000080000000, 0x00000000bce80000, 0x00000000d5580000)
  object space 997888K, 99% used [0x0000000080000000,0x00000000bce6da70,0x00000000bce80000)
 Metaspace       used 72769K, committed 74304K, reserved 1179648K
  class space    used 7382K, committed 8128K, reserved 1048576K
}
Event: 379.789 GC heap before
{Heap before GC invocations=908 (full 3):
 PSYoungGen      total 3072K, used 2470K [0x00000000d5580000, 0x00000000d5c00000, 0x0000000100000000)
  eden space 2560K, 92% used [0x00000000d5580000,0x00000000d57d1908,0x00000000d5800000)
  from space 512K, 18% used [0x00000000d5b80000,0x00000000d5b98000,0x00000000d5c00000)
  to   space 512K, 0% used [0x00000000d5b00000,0x00000000d5b00000,0x00000000d5b80000)
 ParOldGen       total 997888K, used 997814K [0x0000000080000000, 0x00000000bce80000, 0x00000000d5580000)
  object space 997888K, 99% used [0x0000000080000000,0x00000000bce6da70,0x00000000bce80000)
 Metaspace       used 72769K, committed 74304K, reserved 1179648K
  class space    used 7382K, committed 8128K, reserved 1048576K
}
Event: 379.798 GC heap after
{Heap after GC invocations=908 (full 3):
 PSYoungGen      total 3584K, used 128K [0x00000000d5580000, 0x00000000d5c00000, 0x0000000100000000)
  eden space 3072K, 0% used [0x00000000d5580000,0x00000000d5580000,0x00000000d5880000)
  from space 512K, 25% used [0x00000000d5b00000,0x00000000d5b20000,0x00000000d5b80000)
  to   space 512K, 0% used [0x00000000d5b80000,0x00000000d5b80000,0x00000000d5c00000)
 ParOldGen       total 997888K, used 997846K [0x0000000080000000, 0x00000000bce80000, 0x00000000d5580000)
  object space 997888K, 99% used [0x0000000080000000,0x00000000bce75a70,0x00000000bce80000)
 Metaspace       used 72769K, committed 74304K, reserved 1179648K
  class space    used 7382K, committed 8128K, reserved 1048576K
}
Event: 379.810 GC heap before
{Heap before GC invocations=909 (full 3):
 PSYoungGen      total 3584K, used 2325K [0x00000000d5580000, 0x00000000d5c00000, 0x0000000100000000)
  eden space 3072K, 71% used [0x00000000d5580000,0x00000000d57a5520,0x00000000d5880000)
  from space 512K, 25% used [0x00000000d5b00000,0x00000000d5b20000,0x00000000d5b80000)
  to   space 512K, 0% used [0x00000000d5b80000,0x00000000d5b80000,0x00000000d5c00000)
 ParOldGen       total 997888K, used 997846K [0x0000000080000000, 0x00000000bce80000, 0x00000000d5580000)
  object space 997888K, 99% used [0x0000000080000000,0x00000000bce75a70,0x00000000bce80000)
 Metaspace       used 72769K, committed 74304K, reserved 1179648K
  class space    used 7382K, committed 8128K, reserved 1048576K
}
Event: 379.818 GC heap after
{Heap after GC invocations=909 (full 3):
 PSYoungGen      total 4608K, used 64K [0x00000000d5580000, 0x00000000d5c00000, 0x0000000100000000)
  eden space 4096K, 0% used [0x00000000d5580000,0x00000000d5580000,0x00000000d5980000)
  from space 512K, 12% used [0x00000000d5b80000,0x00000000d5b90000,0x00000000d5c00000)
  to   space 512K, 0% used [0x00000000d5b00000,0x00000000d5b00000,0x00000000d5b80000)
 ParOldGen       total 997888K, used 997870K [0x0000000080000000, 0x00000000bce80000, 0x00000000d5580000)
  object space 997888K, 99% used [0x0000000080000000,0x00000000bce7ba70,0x00000000bce80000)
 Metaspace       used 72769K, committed 74304K, reserved 1179648K
  class space    used 7382K, committed 8128K, reserved 1048576K
}
Event: 379.851 GC heap before
{Heap before GC invocations=910 (full 3):
 PSYoungGen      total 4608K, used 2511K [0x00000000d5580000, 0x00000000d5c00000, 0x0000000100000000)
  eden space 4096K, 59% used [0x00000000d5580000,0x00000000d57e3e50,0x00000000d5980000)
  from space 512K, 12% used [0x00000000d5b80000,0x00000000d5b90000,0x00000000d5c00000)
  to   space 512K, 0% used [0x00000000d5b00000,0x00000000d5b00000,0x00000000d5b80000)
 ParOldGen       total 997888K, used 997870K [0x0000000080000000, 0x00000000bce80000, 0x00000000d5580000)
  object space 997888K, 99% used [0x0000000080000000,0x00000000bce7ba70,0x00000000bce80000)
 Metaspace       used 72769K, committed 74304K, reserved 1179648K
  class space    used 7382K, committed 8128K, reserved 1048576K
}
Event: 379.857 GC heap after
{Heap after GC invocations=910 (full 3):
 PSYoungGen      total 5632K, used 128K [0x00000000d5580000, 0x00000000d5c00000, 0x0000000100000000)
  eden space 5120K, 0% used [0x00000000d5580000,0x00000000d5580000,0x00000000d5a80000)
  from space 512K, 25% used [0x00000000d5b00000,0x00000000d5b20000,0x00000000d5b80000)
  to   space 512K, 0% used [0x00000000d5b80000,0x00000000d5b80000,0x00000000d5c00000)
 ParOldGen       total 998400K, used 997894K [0x0000000080000000, 0x00000000bcf00000, 0x00000000d5580000)
  object space 998400K, 99% used [0x0000000080000000,0x00000000bce81a70,0x00000000bcf00000)
 Metaspace       used 72769K, committed 74304K, reserved 1179648K
  class space    used 7382K, committed 8128K, reserved 1048576K
}
Event: 379.883 GC heap before
{Heap before GC invocations=911 (full 3):
 PSYoungGen      total 5632K, used 4608K [0x00000000d5580000, 0x00000000d5c00000, 0x0000000100000000)
  eden space 5120K, 87% used [0x00000000d5580000,0x00000000d59e0298,0x00000000d5a80000)
  from space 512K, 25% used [0x00000000d5b00000,0x00000000d5b20000,0x00000000d5b80000)
  to   space 512K, 0% used [0x00000000d5b80000,0x00000000d5b80000,0x00000000d5c00000)
 ParOldGen       total 998400K, used 997894K [0x0000000080000000, 0x00000000bcf00000, 0x00000000d5580000)
  object space 998400K, 99% used [0x0000000080000000,0x00000000bce81a70,0x00000000bcf00000)
 Metaspace       used 72769K, committed 74304K, reserved 1179648K
  class space    used 7382K, committed 8128K, reserved 1048576K
}
Event: 379.890 GC heap after
{Heap after GC invocations=911 (full 3):
 PSYoungGen      total 6144K, used 96K [0x00000000d5580000, 0x00000000d5c80000, 0x0000000100000000)
  eden space 5632K, 0% used [0x00000000d5580000,0x00000000d5580000,0x00000000d5b00000)
  from space 512K, 18% used [0x00000000d5b80000,0x00000000d5b98000,0x00000000d5c00000)
  to   space 512K, 0% used [0x00000000d5b00000,0x00000000d5b00000,0x00000000d5b80000)
 ParOldGen       total 998400K, used 997958K [0x0000000080000000, 0x00000000bcf00000, 0x00000000d5580000)
  object space 998400K, 99% used [0x0000000080000000,0x00000000bce91a70,0x00000000bcf00000)
 Metaspace       used 72769K, committed 74304K, reserved 1179648K
  class space    used 7382K, committed 8128K, reserved 1048576K
}

Dll operation events (11 events):
Event: 0.036 Loaded shared library c:\Users\manso\.vscode\extensions\redhat.java-1.50.0-win32-x64\jre\21.0.9-win32-x86_64\bin\java.dll
Event: 0.312 Loaded shared library c:\Users\manso\.vscode\extensions\redhat.java-1.50.0-win32-x64\jre\21.0.9-win32-x86_64\bin\zip.dll
Event: 0.417 Loaded shared library C:\Users\manso\.vscode\extensions\redhat.java-1.50.0-win32-x64\jre\21.0.9-win32-x86_64\bin\instrument.dll
Event: 0.432 Loaded shared library C:\Users\manso\.vscode\extensions\redhat.java-1.50.0-win32-x64\jre\21.0.9-win32-x86_64\bin\net.dll
Event: 0.791 Loaded shared library C:\Users\manso\.vscode\extensions\redhat.java-1.50.0-win32-x64\jre\21.0.9-win32-x86_64\bin\nio.dll
Event: 0.803 Loaded shared library C:\Users\manso\.vscode\extensions\redhat.java-1.50.0-win32-x64\jre\21.0.9-win32-x86_64\bin\zip.dll
Event: 1.182 Loaded shared library C:\Users\manso\.vscode\extensions\redhat.java-1.50.0-win32-x64\jre\21.0.9-win32-x86_64\bin\jimage.dll
Event: 1.888 Loaded shared library c:\Users\manso\.vscode\extensions\redhat.java-1.50.0-win32-x64\jre\21.0.9-win32-x86_64\bin\verify.dll
Event: 35.211 Loaded shared library C:\Users\manso\AppData\Roaming\Code\User\globalStorage\redhat.java\1.50.0\config_win\org.eclipse.equinox.launcher\org.eclipse.equinox.launcher.win32.win32.x86_64_1.2.1400.v20250801-0854\eclipse_11916.dll
Event: 94.094 Loaded shared library C:\Users\manso\AppData\Local\Temp\jna-103662902\jna13181164783522493868.dll
Event: 140.777 Loaded shared library C:\Users\manso\.vscode\extensions\redhat.java-1.50.0-win32-x64\jre\21.0.9-win32-x86_64\bin\sunmscapi.dll

Deoptimization events (20 events):
Event: 376.203 Thread 0x00000176efd97990 DEOPT PACKING pc=0x000001769d5098d0 sp=0x000000594ceff3f0
Event: 376.203 Thread 0x00000176efd97990 DEOPT UNPACKING pc=0x000001769c593aa2 sp=0x000000594ceff328 mode 2
Event: 376.203 Thread 0x00000176efd97990 Uncommon trap: trap_request=0xffffff3d fr.pc=0x000001769cf7c6d0 relative=0x00000000000000b0
Event: 376.203 Thread 0x00000176efd97990 Uncommon trap: reason=unstable_fused_if action=reinterpret pc=0x000001769cf7c6d0 method=org.eclipse.core.internal.jobs.InternalJob.getState()I @ 10 c2
Event: 376.203 Thread 0x00000176efd97990 DEOPT PACKING pc=0x000001769cf7c6d0 sp=0x000000594ceff200
Event: 376.203 Thread 0x00000176efd97990 DEOPT UNPACKING pc=0x000001769c593aa2 sp=0x000000594ceff198 mode 2
Event: 376.490 Thread 0x00000176efd92440 Uncommon trap: trap_request=0xffffff45 fr.pc=0x000001769d2ec948 relative=0x0000000000001ca8
Event: 376.490 Thread 0x00000176efd92440 Uncommon trap: reason=unstable_if action=reinterpret pc=0x000001769d2ec948 method=org.eclipse.jdt.internal.compiler.parser.Scanner.getNextToken0()Lorg/eclipse/jdt/internal/compiler/parser/TerminalToken; @ 493 c2
Event: 376.490 Thread 0x00000176efd92440 DEOPT PACKING pc=0x000001769d2ec948 sp=0x000000594c7feda0
Event: 376.490 Thread 0x00000176efd92440 DEOPT UNPACKING pc=0x000001769c593aa2 sp=0x000000594c7fed18 mode 2
Event: 377.941 Thread 0x00000176ef2ec0c0 Uncommon trap: trap_request=0xffffff45 fr.pc=0x000001769d59eaa8 relative=0x00000000000004e8
Event: 377.941 Thread 0x00000176ef2ec0c0 Uncommon trap: reason=unstable_if action=reinterpret pc=0x000001769d59eaa8 method=org.eclipse.jdt.internal.core.util.PublicScanner.translateTokenToTerminalSymbol(Lorg/eclipse/jdt/internal/compiler/parser/TerminalToken;)I @ 13 c2
Event: 377.941 Thread 0x00000176ef2ec0c0 DEOPT PACKING pc=0x000001769d59eaa8 sp=0x000000594d9fe9f0
Event: 377.941 Thread 0x00000176ef2ec0c0 DEOPT UNPACKING pc=0x000001769c593aa2 sp=0x000000594d9fe988 mode 2
Event: 378.179 Thread 0x00000176ef2e92d0 DEOPT PACKING pc=0x00000176972ae497 sp=0x000000594d8fdb20
Event: 378.179 Thread 0x00000176ef2e92d0 DEOPT UNPACKING pc=0x000001769c594242 sp=0x000000594d8fcfe0 mode 0
Event: 379.544 Thread 0x00000176ef2e92d0 Uncommon trap: trap_request=0xffffff45 fr.pc=0x000001769d648ad8 relative=0x0000000000001778
Event: 379.544 Thread 0x00000176ef2e92d0 Uncommon trap: reason=unstable_if action=reinterpret pc=0x000001769d648ad8 method=org.eclipse.jdt.internal.codeassist.complete.CompletionScanner.getNextToken0()Lorg/eclipse/jdt/internal/compiler/parser/TerminalToken; @ 484 c2
Event: 379.544 Thread 0x00000176ef2e92d0 DEOPT PACKING pc=0x000001769d648ad8 sp=0x000000594d8fdd90
Event: 379.545 Thread 0x00000176ef2e92d0 DEOPT UNPACKING pc=0x000001769c593aa2 sp=0x000000594d8fdd10 mode 2

Classes loaded (20 events):
Event: 376.006 Loading class java/util/stream/Nodes$CollectorTask$OfRef
Event: 376.007 Loading class java/util/stream/Nodes$CollectorTask
Event: 376.008 Loading class java/util/stream/Nodes$CollectorTask done
Event: 376.008 Loading class java/util/stream/Nodes$CollectorTask$OfRef done
Event: 376.013 Loading class java/util/function/LongFunction
Event: 376.013 Loading class java/util/function/LongFunction done
Event: 376.014 Loading class java/util/stream/Nodes$ConcNode
Event: 376.015 Loading class java/util/stream/Nodes$AbstractConcNode
Event: 376.016 Loading class java/util/stream/Nodes$AbstractConcNode done
Event: 376.016 Loading class java/util/stream/Nodes$ConcNode done
Event: 376.111 Loading class java/util/stream/Nodes$ToArrayTask$OfRef
Event: 376.112 Loading class java/util/stream/Nodes$ToArrayTask
Event: 376.113 Loading class java/util/stream/Nodes$ToArrayTask done
Event: 376.113 Loading class java/util/stream/Nodes$ToArrayTask$OfRef done
Event: 376.122 Loading class java/io/ObjectOutputStream$BlockDataOutputStream
Event: 376.123 Loading class java/io/ObjectOutputStream$BlockDataOutputStream done
Event: 376.123 Loading class java/io/ObjectOutputStream$HandleTable
Event: 376.124 Loading class java/io/ObjectOutputStream$HandleTable done
Event: 376.124 Loading class java/io/ObjectOutputStream$ReplaceTable
Event: 376.124 Loading class java/io/ObjectOutputStream$ReplaceTable done

Classes unloaded (20 events):
Event: 96.510 Thread 0x00000176908cc100 Unloading class 0x00000176aa1bc800 'java/lang/invoke/LambdaForm$MH+0x00000176aa1bc800'
Event: 96.510 Thread 0x00000176908cc100 Unloading class 0x00000176aa1bc400 'java/lang/invoke/LambdaForm$MH+0x00000176aa1bc400'
Event: 96.510 Thread 0x00000176908cc100 Unloading class 0x00000176aa1bc000 'java/lang/invoke/LambdaForm$MH+0x00000176aa1bc000'
Event: 96.510 Thread 0x00000176908cc100 Unloading class 0x00000176aa1bbc00 'java/lang/invoke/LambdaForm$MH+0x00000176aa1bbc00'
Event: 96.510 Thread 0x00000176908cc100 Unloading class 0x00000176aa1bb800 'java/lang/invoke/LambdaForm$BMH+0x00000176aa1bb800'
Event: 96.510 Thread 0x00000176908cc100 Unloading class 0x00000176aa1bb400 'java/lang/invoke/LambdaForm$DMH+0x00000176aa1bb400'
Event: 96.510 Thread 0x00000176908cc100 Unloading class 0x00000176aa1ba000 'java/lang/invoke/LambdaForm$DMH+0x00000176aa1ba000'
Event: 104.877 Thread 0x00000176908cc100 Unloading class 0x00000176aa2cf000 'java/lang/invoke/LambdaForm$MH+0x00000176aa2cf000'
Event: 104.877 Thread 0x00000176908cc100 Unloading class 0x00000176aa2cdc00 'java/lang/invoke/LambdaForm$MH+0x00000176aa2cdc00'
Event: 104.877 Thread 0x00000176908cc100 Unloading class 0x00000176aa2ca400 'java/lang/invoke/LambdaForm$MH+0x00000176aa2ca400'
Event: 104.877 Thread 0x00000176908cc100 Unloading class 0x00000176aa2c9c00 'java/lang/invoke/LambdaForm$MH+0x00000176aa2c9c00'
Event: 104.877 Thread 0x00000176908cc100 Unloading class 0x00000176aa2c9800 'java/lang/invoke/LambdaForm$MH+0x00000176aa2c9800'
Event: 104.877 Thread 0x00000176908cc100 Unloading class 0x00000176aa2c8c00 'java/lang/invoke/LambdaForm$MH+0x00000176aa2c8c00'
Event: 104.877 Thread 0x00000176908cc100 Unloading class 0x00000176aa2c8400 'java/lang/invoke/LambdaForm$MH+0x00000176aa2c8400'
Event: 104.877 Thread 0x00000176908cc100 Unloading class 0x00000176aa2c8000 'java/lang/invoke/LambdaForm$MH+0x00000176aa2c8000'
Event: 104.877 Thread 0x00000176908cc100 Unloading class 0x00000176aa2c1800 'java/lang/invoke/LambdaForm$MH+0x00000176aa2c1800'
Event: 104.877 Thread 0x00000176908cc100 Unloading class 0x00000176aa2c1000 'java/lang/invoke/LambdaForm$MH+0x00000176aa2c1000'
Event: 134.483 Thread 0x00000176908cc100 Unloading class 0x00000176aa694c00 'java/lang/invoke/LambdaForm$MH+0x00000176aa694c00'
Event: 134.483 Thread 0x00000176908cc100 Unloading class 0x00000176aa694800 'java/lang/invoke/LambdaForm$MH+0x00000176aa694800'
Event: 134.483 Thread 0x00000176908cc100 Unloading class 0x00000176aa694400 'java/lang/invoke/LambdaForm$MH+0x00000176aa694400'

Classes redefined (0 events):
No events

Internal exceptions (20 events):
Event: 367.365 Thread 0x00000176ef2e9960 Exception <a 'java/lang/ArrayIndexOutOfBoundsException'{0x00000000d559b210}> (0x00000000d559b210) 
thrown [s\src\hotspot\share\runtime\sharedRuntime.cpp, line 625]
Event: 367.365 Thread 0x00000176ef2e9960 Exception <a 'java/lang/ArrayIndexOutOfBoundsException'{0x00000000d559b538}> (0x00000000d559b538) 
thrown [s\src\hotspot\share\runtime\sharedRuntime.cpp, line 625]
Event: 367.698 Thread 0x00000176ef2e92d0 Exception <a 'java/lang/ArrayIndexOutOfBoundsException'{0x00000000d558eb28}> (0x00000000d558eb28) 
thrown [s\src\hotspot\share\runtime\sharedRuntime.cpp, line 625]
Event: 367.698 Thread 0x00000176ef2e92d0 Exception <a 'java/lang/ArrayIndexOutOfBoundsException'{0x00000000d558f150}> (0x00000000d558f150) 
thrown [s\src\hotspot\share\runtime\sharedRuntime.cpp, line 625]
Event: 367.698 Thread 0x00000176ef2e92d0 Exception <a 'java/lang/ArrayIndexOutOfBoundsException'{0x00000000d558f478}> (0x00000000d558f478) 
thrown [s\src\hotspot\share\runtime\sharedRuntime.cpp, line 625]
Event: 368.222 Thread 0x00000176efd958c0 Exception <a 'sun/nio/fs/WindowsException'{0x00000000d55f62e0}> (0x00000000d55f62e0) 
thrown [s\src\hotspot\share\prims\jni.cpp, line 520]
Event: 368.700 Thread 0x00000176efd958c0 Exception <a 'sun/nio/fs/WindowsException'{0x00000000d5792180}> (0x00000000d5792180) 
thrown [s\src\hotspot\share\prims\jni.cpp, line 520]
Event: 370.867 Thread 0x00000176ef2e8c40 Exception <a 'java/lang/ArrayIndexOutOfBoundsException'{0x00000000d5622770}> (0x00000000d5622770) 
thrown [s\src\hotspot\share\runtime\sharedRuntime.cpp, line 625]
Event: 370.867 Thread 0x00000176ef2e8c40 Exception <a 'java/lang/ArrayIndexOutOfBoundsException'{0x00000000d5622d98}> (0x00000000d5622d98) 
thrown [s\src\hotspot\share\runtime\sharedRuntime.cpp, line 625]
Event: 370.867 Thread 0x00000176ef2e8c40 Exception <a 'java/lang/ArrayIndexOutOfBoundsException'{0x00000000d56230c0}> (0x00000000d56230c0) 
thrown [s\src\hotspot\share\runtime\sharedRuntime.cpp, line 625]
Event: 373.885 Thread 0x00000176ef2e8c40 Exception <a 'java/lang/ArrayIndexOutOfBoundsException'{0x00000000d578be60}> (0x00000000d578be60) 
thrown [s\src\hotspot\share\runtime\sharedRuntime.cpp, line 625]
Event: 373.885 Thread 0x00000176ef2e8c40 Exception <a 'java/lang/ArrayIndexOutOfBoundsException'{0x00000000d578c488}> (0x00000000d578c488) 
thrown [s\src\hotspot\share\runtime\sharedRuntime.cpp, line 625]
Event: 373.886 Thread 0x00000176ef2e8c40 Exception <a 'java/lang/ArrayIndexOutOfBoundsException'{0x00000000d578c7b0}> (0x00000000d578c7b0) 
thrown [s\src\hotspot\share\runtime\sharedRuntime.cpp, line 625]
Event: 376.060 Thread 0x00000176efd97990 Implicit null exception at 0x000001769d22dd86 to 0x000001769d22e028
Event: 376.162 Thread 0x00000176efd97990 Exception <a 'java/lang/NoSuchMethodError'{0x00000000d561fec0}: 'java.lang.Object java.lang.invoke.DirectMethodHandle$Holder.newInvokeSpecial(java.lang.Object, java.lang.Object, java.lang.Object, java.lang.Object, java.lang.Object, java.lang.Object, java.lang.Object, java.lang.Object)'> (0x00000000d561fec0) 
thrown [s\src\hotspot\share\interpreter\linkResolver.cpp, line 773]
Event: 376.585 Thread 0x00000176efd958c0 Exception <a 'sun/nio/fs/WindowsException'{0x00000000d5717088}> (0x00000000d5717088) 
thrown [s\src\hotspot\share\prims\jni.cpp, line 520]
Event: 377.534 Thread 0x00000176efd958c0 Exception <a 'sun/nio/fs/WindowsException'{0x00000000d57be910}> (0x00000000d57be910) 
thrown [s\src\hotspot\share\prims\jni.cpp, line 520]
Event: 379.545 Thread 0x00000176ef2e92d0 Exception <a 'java/lang/ArrayIndexOutOfBoundsException'{0x00000000d5683e70}: Index 876 out of bounds for length 876> (0x00000000d5683e70) 
thrown [s\src\hotspot\share\interpreter\interpreterRuntime.cpp, line 439]
Event: 379.545 Thread 0x00000176ef2e92d0 Exception <a 'java/lang/ArrayIndexOutOfBoundsException'{0x00000000d5684498}: Index 876 out of bounds for length 876> (0x00000000d5684498) 
thrown [s\src\hotspot\share\interpreter\interpreterRuntime.cpp, line 439]
Event: 379.545 Thread 0x00000176ef2e92d0 Exception <a 'java/lang/ArrayIndexOutOfBoundsException'{0x00000000d5684810}: Index 877 out of bounds for length 876> (0x00000000d5684810) 
thrown [s\src\hotspot\share\interpreter\interpreterRuntime.cpp, line 439]

ZGC Phase Switch (0 events):
No events

VM Operations (20 events):
Event: 379.083 Executing VM operation: ParallelGCFailedAllocation (Allocation Failure)
Event: 379.089 Executing VM operation: ParallelGCFailedAllocation (Allocation Failure) done
Event: 379.675 Executing VM operation: ParallelGCFailedAllocation (Allocation Failure)
Event: 379.680 Executing VM operation: ParallelGCFailedAllocation (Allocation Failure) done
Event: 379.694 Executing VM operation: ParallelGCFailedAllocation (Allocation Failure)
Event: 379.699 Executing VM operation: ParallelGCFailedAllocation (Allocation Failure) done
Event: 379.721 Executing VM operation: ParallelGCFailedAllocation (Allocation Failure)
Event: 379.726 Executing VM operation: ParallelGCFailedAllocation (Allocation Failure) done
Event: 379.740 Executing VM operation: ParallelGCFailedAllocation (Allocation Failure)
Event: 379.747 Executing VM operation: ParallelGCFailedAllocation (Allocation Failure) done
Event: 379.761 Executing VM operation: ParallelGCFailedAllocation (Allocation Failure)
Event: 379.765 Executing VM operation: ParallelGCFailedAllocation (Allocation Failure) done
Event: 379.789 Executing VM operation: ParallelGCFailedAllocation (Allocation Failure)
Event: 379.798 Executing VM operation: ParallelGCFailedAllocation (Allocation Failure) done
Event: 379.810 Executing VM operation: ParallelGCFailedAllocation (Allocation Failure)
Event: 379.818 Executing VM operation: ParallelGCFailedAllocation (Allocation Failure) done
Event: 379.851 Executing VM operation: ParallelGCFailedAllocation (Allocation Failure)
Event: 379.857 Executing VM operation: ParallelGCFailedAllocation (Allocation Failure) done
Event: 379.883 Executing VM operation: ParallelGCFailedAllocation (Allocation Failure)
Event: 379.890 Executing VM operation: ParallelGCFailedAllocation (Allocation Failure) done

Memory protections (0 events):
No events

Nmethod flushes (20 events):
Event: 134.525 Thread 0x00000176908cc100 flushing  nmethod 0x0000017695a4fd10
Event: 134.525 Thread 0x00000176908cc100 flushing  nmethod 0x0000017695a56210
Event: 134.525 Thread 0x00000176908cc100 flushing  nmethod 0x0000017695a67790
Event: 134.525 Thread 0x00000176908cc100 flushing  nmethod 0x0000017695a76190
Event: 134.525 Thread 0x00000176908cc100 flushing  nmethod 0x0000017695a7c690
Event: 134.525 Thread 0x00000176908cc100 flushing  nmethod 0x0000017695a7d210
Event: 134.525 Thread 0x00000176908cc100 flushing  nmethod 0x0000017695a81510
Event: 134.525 Thread 0x00000176908cc100 flushing osr nmethod 0x0000017695aa4990
Event: 134.525 Thread 0x00000176908cc100 flushing  nmethod 0x0000017695acd410
Event: 134.525 Thread 0x00000176908cc100 flushing  nmethod 0x0000017695acff90
Event: 134.525 Thread 0x00000176908cc100 flushing  nmethod 0x0000017695ad3f90
Event: 134.525 Thread 0x00000176908cc100 flushing  nmethod 0x0000017695ae0410
Event: 134.525 Thread 0x00000176908cc100 flushing  nmethod 0x0000017695af5810
Event: 134.525 Thread 0x00000176908cc100 flushing  nmethod 0x0000017695b0b710
Event: 134.525 Thread 0x00000176908cc100 flushing  nmethod 0x0000017695b14c90
Event: 134.525 Thread 0x00000176908cc100 flushing  nmethod 0x0000017695b18490
Event: 134.525 Thread 0x00000176908cc100 flushing  nmethod 0x0000017695b3ae90
Event: 134.525 Thread 0x00000176908cc100 flushing osr nmethod 0x0000017695b4b090
Event: 134.525 Thread 0x00000176908cc100 flushing  nmethod 0x0000017695b6f390
Event: 134.525 Thread 0x00000176908cc100 flushing  nmethod 0x0000017695b76110

Events (20 events):
Event: 204.425 Thread 0x00000176a8e6d300 Thread added: 0x00000176f070ff70
Event: 204.841 Thread 0x00000176f070ff70 Thread exited: 0x00000176f070ff70
Event: 226.175 Thread 0x00000176a8e6d300 Thread added: 0x00000176f070ff70
Event: 226.893 Thread 0x00000176f070ff70 Thread exited: 0x00000176f070ff70
Event: 233.998 Thread 0x00000176a8df76a0 Thread added: 0x00000176f070c8f0
Event: 234.455 Thread 0x00000176f070c8f0 Thread exited: 0x00000176f070c8f0
Event: 241.872 Thread 0x00000176a8e6d300 Thread added: 0x00000176f070c8f0
Event: 242.833 Thread 0x00000176f070c8f0 Thread exited: 0x00000176f070c8f0
Event: 251.620 Thread 0x00000176a8e6d300 Thread added: 0x00000176f070c8f0
Event: 252.007 Thread 0x00000176f070c8f0 Thread exited: 0x00000176f070c8f0
Event: 252.678 Thread 0x00000176a8e6d300 Thread added: 0x00000176f070c8f0
Event: 254.561 Thread 0x00000176f070c8f0 Thread exited: 0x00000176f070c8f0
Event: 375.995 Thread 0x00000176efd97990 Thread added: 0x00000176ef3446a0
Event: 376.019 Thread 0x00000176ef3446a0 Thread exited: 0x00000176ef3446a0
Event: 376.067 Thread 0x00000176efd97990 Thread added: 0x00000176ef347b20
Event: 376.111 Thread 0x00000176ef347b20 Thread added: 0x00000176ef3446a0
Event: 376.113 Thread 0x00000176ef347b20 Thread added: 0x00000176ef344d30
Event: 376.144 Thread 0x00000176ef344d30 Thread exited: 0x00000176ef344d30
Event: 376.145 Thread 0x00000176ef3446a0 Thread exited: 0x00000176ef3446a0
Event: 376.145 Thread 0x00000176ef347b20 Thread exited: 0x00000176ef347b20


Dynamic libraries:
0x00007ff76cd00000 - 0x00007ff76cd0e000 	c:\Users\manso\.vscode\extensions\redhat.java-1.50.0-win32-x64\jre\21.0.9-win32-x86_64\bin\java.exe
0x00007ffedb2a0000 - 0x00007ffedb508000 	C:\WINDOWS\SYSTEM32\ntdll.dll
0x00007ffedb040000 - 0x00007ffedb109000 	C:\WINDOWS\System32\KERNEL32.DLL
0x00007ffed83f0000 - 0x00007ffed87e8000 	C:\WINDOWS\System32\KERNELBASE.dll
0x00007ffed8c00000 - 0x00007ffed8d4b000 	C:\WINDOWS\System32\ucrtbase.dll
0x00007ffec93f0000 - 0x00007ffec9408000 	c:\Users\manso\.vscode\extensions\redhat.java-1.50.0-win32-x64\jre\21.0.9-win32-x86_64\bin\jli.dll
0x00007ffed9210000 - 0x00007ffed93d7000 	C:\WINDOWS\System32\USER32.dll
0x00007ffed9010000 - 0x00007ffed9037000 	C:\WINDOWS\System32\win32u.dll
0x00007ffed94e0000 - 0x00007ffed950b000 	C:\WINDOWS\System32\GDI32.dll
0x00007ffed8a20000 - 0x00007ffed8b4c000 	C:\WINDOWS\System32\gdi32full.dll
0x00007ffed8b50000 - 0x00007ffed8bf3000 	C:\WINDOWS\System32\msvcp_win.dll
0x00007ffec2420000 - 0x00007ffec243e000 	c:\Users\manso\.vscode\extensions\redhat.java-1.50.0-win32-x64\jre\21.0.9-win32-x86_64\bin\VCRUNTIME140.dll
0x00007ffec4860000 - 0x00007ffec4af4000 	C:\WINDOWS\WinSxS\amd64_microsoft.windows.common-controls_6595b64144ccf1df_6.0.26100.7019_none_3e06ffa0e335b8a8\COMCTL32.dll
0x00007ffed9160000 - 0x00007ffed9209000 	C:\WINDOWS\System32\msvcrt.dll
0x00007ffed9100000 - 0x00007ffed9131000 	C:\WINDOWS\System32\IMM32.DLL
0x00007ffecb610000 - 0x00007ffecb61c000 	c:\Users\manso\.vscode\extensions\redhat.java-1.50.0-win32-x64\jre\21.0.9-win32-x86_64\bin\vcruntime140_1.dll
0x00007ffe898c0000 - 0x00007ffe8994d000 	c:\Users\manso\.vscode\extensions\redhat.java-1.50.0-win32-x64\jre\21.0.9-win32-x86_64\bin\msvcp140.dll
0x00007ffe498a0000 - 0x00007ffe4a640000 	c:\Users\manso\.vscode\extensions\redhat.java-1.50.0-win32-x64\jre\21.0.9-win32-x86_64\bin\server\jvm.dll
0x00007ffed9ff0000 - 0x00007ffeda0a4000 	C:\WINDOWS\System32\ADVAPI32.dll
0x00007ffed9590000 - 0x00007ffed9636000 	C:\WINDOWS\System32\sechost.dll
0x00007ffedad40000 - 0x00007ffedae58000 	C:\WINDOWS\System32\RPCRT4.dll
0x00007ffed9510000 - 0x00007ffed9584000 	C:\WINDOWS\System32\WS2_32.dll
0x00007ffed8250000 - 0x00007ffed82ae000 	C:\WINDOWS\SYSTEM32\POWRPROF.dll
0x00007ffed1690000 - 0x00007ffed16c5000 	C:\WINDOWS\SYSTEM32\WINMM.dll
0x00007ffed16d0000 - 0x00007ffed16db000 	C:\WINDOWS\SYSTEM32\VERSION.dll
0x00007ffed8230000 - 0x00007ffed8244000 	C:\WINDOWS\SYSTEM32\UMPDC.dll
0x00007ffed71b0000 - 0x00007ffed71cb000 	C:\WINDOWS\SYSTEM32\kernel.appcore.dll
0x00007ffecb3b0000 - 0x00007ffecb3ba000 	c:\Users\manso\.vscode\extensions\redhat.java-1.50.0-win32-x64\jre\21.0.9-win32-x86_64\bin\jimage.dll
0x00007ffecd600000 - 0x00007ffecd842000 	C:\WINDOWS\SYSTEM32\DBGHELP.DLL
0x00007ffeda250000 - 0x00007ffeda5db000 	C:\WINDOWS\System32\combase.dll
0x00007ffed9670000 - 0x00007ffed9747000 	C:\WINDOWS\System32\OLEAUT32.dll
0x00007ffebd870000 - 0x00007ffebd8ac000 	C:\WINDOWS\SYSTEM32\dbgcore.DLL
0x00007ffed87f0000 - 0x00007ffed8895000 	C:\WINDOWS\System32\bcryptPrimitives.dll
0x00007ffec95e0000 - 0x00007ffec95ef000 	c:\Users\manso\.vscode\extensions\redhat.java-1.50.0-win32-x64\jre\21.0.9-win32-x86_64\bin\instrument.dll
0x00007ffec1aa0000 - 0x00007ffec1ac0000 	c:\Users\manso\.vscode\extensions\redhat.java-1.50.0-win32-x64\jre\21.0.9-win32-x86_64\bin\java.dll
0x00007ffeda5e0000 - 0x00007ffedad2f000 	C:\WINDOWS\System32\SHELL32.dll
0x00007ffed8d50000 - 0x00007ffed8ebb000 	C:\WINDOWS\System32\wintypes.dll
0x00007ffed6050000 - 0x00007ffed68ad000 	C:\WINDOWS\SYSTEM32\windows.storage.dll
0x00007ffed9c90000 - 0x00007ffed9d82000 	C:\WINDOWS\System32\SHCORE.dll
0x00007ffed9040000 - 0x00007ffed90a7000 	C:\WINDOWS\System32\shlwapi.dll
0x00007ffed8310000 - 0x00007ffed8339000 	C:\WINDOWS\SYSTEM32\profapi.dll
0x00007ffec1b00000 - 0x00007ffec1b18000 	c:\Users\manso\.vscode\extensions\redhat.java-1.50.0-win32-x64\jre\21.0.9-win32-x86_64\bin\zip.dll
0x00007ffec8f70000 - 0x00007ffec8f80000 	C:\Users\manso\.vscode\extensions\redhat.java-1.50.0-win32-x64\jre\21.0.9-win32-x86_64\bin\net.dll
0x00007ffecede0000 - 0x00007ffecef08000 	C:\WINDOWS\SYSTEM32\WINHTTP.dll
0x00007ffed7720000 - 0x00007ffed778b000 	C:\WINDOWS\system32\mswsock.dll
0x00007ffebc230000 - 0x00007ffebc246000 	C:\Users\manso\.vscode\extensions\redhat.java-1.50.0-win32-x64\jre\21.0.9-win32-x86_64\bin\nio.dll
0x00007ffec3830000 - 0x00007ffec3840000 	c:\Users\manso\.vscode\extensions\redhat.java-1.50.0-win32-x64\jre\21.0.9-win32-x86_64\bin\verify.dll
0x00007ffe8fb10000 - 0x00007ffe8fb54000 	C:\Users\manso\AppData\Roaming\Code\User\globalStorage\redhat.java\1.50.0\config_win\org.eclipse.equinox.launcher\org.eclipse.equinox.launcher.win32.win32.x86_64_1.2.1400.v20250801-0854\eclipse_11916.dll
0x00007ffeda0b0000 - 0x00007ffeda247000 	C:\WINDOWS\System32\ole32.dll
0x00007ffed79e0000 - 0x00007ffed79fb000 	C:\WINDOWS\SYSTEM32\CRYPTSP.dll
0x00007ffed7110000 - 0x00007ffed714a000 	C:\WINDOWS\system32\rsaenh.dll
0x00007ffed77d0000 - 0x00007ffed77fb000 	C:\WINDOWS\SYSTEM32\USERENV.dll
0x00007ffed82e0000 - 0x00007ffed830a000 	C:\WINDOWS\SYSTEM32\bcrypt.dll
0x00007ffed7a00000 - 0x00007ffed7a0c000 	C:\WINDOWS\SYSTEM32\CRYPTBASE.dll
0x00007ffed6c10000 - 0x00007ffed6c44000 	C:\WINDOWS\SYSTEM32\IPHLPAPI.DLL
0x00007ffed9750000 - 0x00007ffed975a000 	C:\WINDOWS\System32\NSI.dll
0x00007ffe8dc00000 - 0x00007ffe8dc49000 	C:\Users\manso\AppData\Local\Temp\jna-103662902\jna13181164783522493868.dll
0x00007ffed9760000 - 0x00007ffed9768000 	C:\WINDOWS\System32\PSAPI.DLL
0x00007ffecf2e0000 - 0x00007ffecf2fe000 	C:\WINDOWS\SYSTEM32\dhcpcsvc6.DLL
0x00007ffecefe0000 - 0x00007ffecf003000 	C:\WINDOWS\SYSTEM32\dhcpcsvc.DLL
0x00007ffed5290000 - 0x00007ffed529e000 	C:\Users\manso\.vscode\extensions\redhat.java-1.50.0-win32-x64\jre\21.0.9-win32-x86_64\bin\sunmscapi.dll
0x00007ffed88a0000 - 0x00007ffed8a17000 	C:\WINDOWS\System32\CRYPT32.dll
0x00007ffed7c00000 - 0x00007ffed7c30000 	C:\WINDOWS\SYSTEM32\ncrypt.dll
0x00007ffed7bb0000 - 0x00007ffed7bef000 	C:\WINDOWS\SYSTEM32\NTASN1.dll

JVMTI agents:
c:\Users\manso\.vscode\extensions\redhat.java-1.50.0-win32-x64\lombok\lombok-1.18.39-4050.jar path:c:\Users\manso\.vscode\extensions\redhat.java-1.50.0-win32-x64\jre\21.0.9-win32-x86_64\bin\instrument.dll, loaded, initialized, instrumentlib options:none

dbghelp: loaded successfully - version: 4.0.5 - missing functions: none
symbol engine: initialized successfully - sym options: 0x614 - pdb path: .;c:\Users\manso\.vscode\extensions\redhat.java-1.50.0-win32-x64\jre\21.0.9-win32-x86_64\bin;C:\WINDOWS\SYSTEM32;C:\WINDOWS\WinSxS\amd64_microsoft.windows.common-controls_6595b64144ccf1df_6.0.26100.7019_none_3e06ffa0e335b8a8;c:\Users\manso\.vscode\extensions\redhat.java-1.50.0-win32-x64\jre\21.0.9-win32-x86_64\bin\server;C:\Users\manso\AppData\Roaming\Code\User\globalStorage\redhat.java\1.50.0\config_win\org.eclipse.equinox.launcher\org.eclipse.equinox.launcher.win32.win32.x86_64_1.2.1400.v20250801-0854;C:\Users\manso\AppData\Local\Temp\jna-103662902

VM Arguments:
jvm_args: --add-modules=ALL-SYSTEM --add-opens=java.base/java.util=ALL-UNNAMED --add-opens=java.base/java.lang=ALL-UNNAMED --add-opens=java.base/sun.nio.fs=ALL-UNNAMED -Declipse.application=org.eclipse.jdt.ls.core.id1 -Dosgi.bundles.defaultStartLevel=4 -Declipse.product=org.eclipse.jdt.ls.core.product -Djava.import.generatesMetadataFilesAtProjectRoot=false -DDetectVMInstallationsJob.disabled=true -Dfile.encoding=utf8 -XX:+UseParallelGC -XX:GCTimeRatio=4 -XX:AdaptiveSizePolicyWeight=90 -Dsun.zip.disableMemoryMapping=true -Xmx2G -Xms100m -Xlog:disable -javaagent:c:\Users\manso\.vscode\extensions\redhat.java-1.50.0-win32-x64\lombok\lombok-1.18.39-4050.jar -XX:+HeapDumpOnOutOfMemoryError -XX:HeapDumpPath=c:\Users\manso\AppData\Roaming\Code\User\workspaceStorage\78ffe2b734cf6c3d3306890a304d5a83\redhat.java -Daether.dependencyCollector.impl=bf 
java_command: c:\Users\manso\.vscode\extensions\redhat.java-1.50.0-win32-x64\server\plugins\org.eclipse.equinox.launcher_1.7.100.v20251111-0406.jar -configuration c:\Users\manso\AppData\Roaming\Code\User\globalStorage\redhat.java\1.50.0\config_win -data c:\Users\manso\AppData\Roaming\Code\User\workspaceStorage\78ffe2b734cf6c3d3306890a304d5a83\redhat.java\jdt_ws --pipe=\\.\pipe\lsp-cff4bd8638d58f3290aa9c3193956e48-sock
java_class_path (initial): c:\Users\manso\.vscode\extensions\redhat.java-1.50.0-win32-x64\server\plugins\org.eclipse.equinox.launcher_1.7.100.v20251111-0406.jar
Launcher Type: SUN_STANDARD

[Global flags]
    uintx AdaptiveSizePolicyWeight                 = 90                                        {product} {command line}
     intx CICompilerCount                          = 3                                         {product} {ergonomic}
    uintx GCTimeRatio                              = 4                                         {product} {command line}
     bool HeapDumpOnOutOfMemoryError               = true                                   {manageable} {command line}
    ccstr HeapDumpPath                             = c:\Users\manso\AppData\Roaming\Code\User\workspaceStorage\78ffe2b734cf6c3d3306890a304d5a83\redhat.java         {manageable} {command line}
   size_t InitialHeapSize                          = 104857600                                 {product} {command line}
   size_t MaxHeapSize                              = 2147483648                                {product} {command line}
   size_t MaxNewSize                               = 715653120                                 {product} {ergonomic}
   size_t MinHeapDeltaBytes                        = 524288                                    {product} {ergonomic}
   size_t MinHeapSize                              = 104857600                                 {product} {command line}
   size_t NewSize                                  = 34603008                                  {product} {ergonomic}
    uintx NonNMethodCodeHeapSize                   = 5832780                                {pd product} {ergonomic}
    uintx NonProfiledCodeHeapSize                  = 122912730                              {pd product} {ergonomic}
   size_t OldSize                                  = 70254592                                  {product} {ergonomic}
    uintx ProfiledCodeHeapSize                     = 122912730                              {pd product} {ergonomic}
    uintx ReservedCodeCacheSize                    = 251658240                              {pd product} {ergonomic}
     bool SegmentedCodeCache                       = true                                      {product} {ergonomic}
   size_t SoftMaxHeapSize                          = 2147483648                             {manageable} {ergonomic}
     bool UseCompressedOops                        = true                           {product lp64_product} {ergonomic}
     bool UseLargePagesIndividualAllocation        = false                                  {pd product} {ergonomic}
     bool UseParallelGC                            = true                                      {product} {command line}

Logging:
Log output configuration:
 #0: stdout all=off uptime,level,tags foldmultilines=false
 #1: stderr all=off uptime,level,tags foldmultilines=false

Release file:
JAVA_VERSION="21.0.9" 
MODULES="java.base java.compiler java.datatransfer java.xml java.prefs java.desktop java.instrument java.logging java.management java.security.sasl java.naming java.rmi java.management.rmi java.net.http java.scripting java.security.jgss java.transaction.xa java.sql java.sql.rowset java.xml.crypto java.se java.smartcardio jdk.accessibility jdk.internal.jvmstat jdk.attach jdk.charsets jdk.internal.opt jdk.zipfs jdk.compiler jdk.crypto.ec jdk.crypto.cryptoki jdk.crypto.mscapi jdk.dynalink jdk.internal.ed jdk.editpad jdk.hotspot.agent jdk.httpserver jdk.internal.le jdk.internal.vm.ci jdk.internal.vm.compiler jdk.internal.vm.compiler.management jdk.jartool jdk.javadoc jdk.jcmd jdk.management jdk.management.agent jdk.jconsole jdk.jdeps jdk.jdwp.agent jdk.jdi jdk.jfr jdk.jshell jdk.jsobject jdk.jstatd jdk.localedata jdk.management.jfr jdk.naming.dns jdk.naming.rmi jdk.net jdk.nio.mapmode jdk.random jdk.sctp jdk.security.auth jdk.security.jgss jdk.unsupported jdk.unsupported.desktop jdk.xml.dom" 

Environment Variables:
PATH=C:\Program Files (x86)\Common Files\Oracle\Java\java8path;C:\Program Files (x86)\Common Files\Oracle\Java\javapath;C:\WINDOWS\system32;C:\WINDOWS;C:\WINDOWS\System32\Wbem;C:\WINDOWS\System32\WindowsPowerShell\v1.0\;C:\WINDOWS\System32\OpenSSH\;C:\ProgramData\UNIVALI\Portugol Studio;C:\Program Files\dotnet\;C:\Program Files\Git\cmd;C:\Users\manso\AppData\Local\Microsoft\WindowsApps\;C:\Program Files\nodejs\;C:\Users\manso\AppData\Local\Programs\Python\Launcher\;C:\Users\manso\AppData\Local\Microsoft\WindowsApps;C:\Users\manso\AppData\Local\Programs\Microsoft VS Code\bin;C:\Users\manso\AppData\Local\Programs\Windsurf\bin;C:\Users\manso\AppData\Local\Programs\Python\Python313\;C:\Users\manso\AppData\Local\Programs\Python\Python313\Scripts\;C:\Users\manso\AppData\Roaming\npm;C:\Users\manso\OneDrive\Documents\sqlite3;C:\Users\manso\AppData\Local\gitkraken\bin
USERNAME=manso
OS=Windows_NT
PROCESSOR_IDENTIFIER=AMD64 Family 23 Model 24 Stepping 1, AuthenticAMD
TMP=C:\Users\manso\AppData\Local\Temp
TEMP=C:\Users\manso\AppData\Local\Temp




Periodic native trim disabled

---------------  S Y S T E M  ---------------

OS:
 Windows 11 , 64 bit Build 26100 (10.0.26100.7019)
OS uptime: 0 days 6:48 hours

CPU: total 4 (initial active 4) (4 cores per cpu, 2 threads per core) family 23 model 24 stepping 1 microcode 0x8108109, cx8, cmov, fxsr, ht, mmx, 3dnowpref, sse, sse2, sse3, ssse3, sse4a, sse4.1, sse4.2, popcnt, lzcnt, tsc, tscinvbit, avx, avx2, aes, clmul, bmi1, bmi2, adx, sha, fma, vzeroupper, clflush, clflushopt, rdtscp, f16c
Processor Information for the first 4 processors :
  Max Mhz: 2600, Current Mhz: 1700, Mhz Limit: 2600

Memory: 4k page, system-wide physical 6063M (494M free)
TotalPageFile size 13230M (AvailPageFile size 19M)
current process WorkingSet (physical memory assigned to process): 922M, peak: 922M
current process commit charge ("private bytes"): 1288M, peak: 1678M

vm_info: OpenJDK 64-Bit Server VM (21.0.9+10-LTS) for windows-amd64 JRE (21.0.9+10-LTS), built on 2025-10-21T00:00:00Z by "admin" with unknown MS VC++:1942

END.
